<?xml version="1.0" encoding="UTF-8"?>
<!-- Generated by org.testng.reporters.JUnitReportReporter -->
<testsuite hostname="DESKTOP-MJ4DCPE" name="com.crm.testcases.LoginTest" tests="2" failures="0" timestamp="1 Jun 2019 15:45:46 GMT" time="29.721" errors="0">
  <testcase name="ValidateTitle" time="8.646" classname="com.crm.testcases.LoginTest"/>
  <testcase name="validatelogin" time="21.075" classname="com.crm.testcases.LoginTest"/>
</testsuite> <!-- com.crm.testcases.LoginTest -->
