<?xml version="1.0" encoding="UTF-8"?>
<!-- Generated by org.testng.reporters.JUnitReportReporter -->
<testsuite hostname="DESKTOP-MJ4DCPE" name="com.crm.testcases.HomePageTest" tests="1" failures="0" timestamp="1 Jun 2019 15:45:46 GMT" time="16.006" errors="0">
  <testcase name="ValidateCRMHomepage" time="16.006" classname="com.crm.testcases.HomePageTest"/>
</testsuite> <!-- com.crm.testcases.HomePageTest -->
