<?xml version="1.0" encoding="UTF-8"?>
<!-- Generated by org.testng.reporters.JUnitReportReporter -->
<testsuite hostname="DESKTOP-MJ4DCPE" name="com.crm.testcases.HomePageTest" tests="1" failures="0" timestamp="20 Jun 2019 12:05:21 GMT" time="14.902" errors="0">
  <testcase name="ValidateCRMHomepage" time="14.902" classname="com.crm.testcases.HomePageTest"/>
</testsuite> <!-- com.crm.testcases.HomePageTest -->
